<?xml version="1.0" encoding="UTF-8"?>
<testng-results ignored="0" total="1" passed="1" failed="0" skipped="0">
  <reporter-output>
  </reporter-output>
  <suite started-at="2025-08-26T09:52:55 IST" name="Surefire suite" finished-at="2025-08-26T09:53:29 IST" duration-ms="33429">
    <groups>
      <group name="cucumber">
        <method signature="AbstractTestNGCucumberTests.runScenario(io.cucumber.testng.PickleWrapper,io.cucumber.testng.FeatureWrapper)[pri:0, instance:TestRunner.MyTestRunner@708f5957]" name="runScenario" class="io.cucumber.testng.AbstractTestNGCucumberTests"/>
      </group> <!-- cucumber -->
    </groups>
    <test started-at="2025-08-26T09:52:55 IST" name="Surefire test" finished-at="2025-08-26T09:53:29 IST" duration-ms="33429">
      <class name="TestRunner.MyTestRunner">
        <test-method is-config="true" signature="setUpClass(org.testng.ITestContext)[pri:0, instance:TestRunner.MyTestRunner@708f5957]" started-at="2025-08-26T09:52:55 IST" name="setUpClass" finished-at="2025-08-26T09:52:56 IST" duration-ms="728" status="PASS">
          <params>
            <param index="0">
              <value>
                <![CDATA[org.testng.TestRunner@2e40fdbd]]>
              </value>
            </param>
          </params>
          <reporter-output>
          </reporter-output>
        </test-method> <!-- setUpClass -->
        <test-method signature="runScenario(io.cucumber.testng.PickleWrapper,io.cucumber.testng.FeatureWrapper)[pri:0, instance:TestRunner.MyTestRunner@708f5957]" started-at="2025-08-26T09:52:56 IST" name="runScenario" description="Runs Cucumber Scenarios" data-provider="scenarios" finished-at="2025-08-26T09:53:24 IST" duration-ms="27552" status="PASS">
          <params>
            <param index="0">
              <value>
                <![CDATA["Login with multiple users"]]>
              </value>
            </param>
            <param index="1">
              <value>
                <![CDATA["Login Functionality"]]>
              </value>
            </param>
          </params>
          <reporter-output>
          </reporter-output>
        </test-method> <!-- runScenario -->
        <test-method is-config="true" signature="tearDownClass()[pri:0, instance:TestRunner.MyTestRunner@708f5957]" started-at="2025-08-26T09:53:24 IST" name="tearDownClass" finished-at="2025-08-26T09:53:29 IST" duration-ms="5109" status="PASS">
          <reporter-output>
          </reporter-output>
        </test-method> <!-- tearDownClass -->
      </class> <!-- TestRunner.MyTestRunner -->
    </test> <!-- Surefire test -->
  </suite> <!-- Surefire suite -->
</testng-results>
